<?xml version="1.0" encoding="UTF-8"?>
<testsuite xmlns:xsi="http://www.w3.org/2001/XMLSchema-instance" xsi:noNamespaceSchemaLocation="https://maven.apache.org/surefire/maven-surefire-plugin/xsd/surefire-test-report-3.0.xsd" version="3.0" name="testRunner.TestRunner" time="123.695" tests="10" errors="0" skipped="0" failures="1">
  <properties>
[...]
</properties>
  <testcase name="Successful login with valid credentials" classname="User Login" time="18.991">
    <system-out><![CDATA[
@Sanity @Regression
Scenario: Successful login with valid credentials                                        # Features/Login.feature:11
  Given the user is on the OpenCart home page                                            # stepDefinitions.LoginSteps.the_user_is_on_the_open_cart_home_page()
  Given the user navigates to the login page                                             # stepDefinitions.LoginSteps.the_user_navigates_to_the_login_page()
  When the user enters a valid email "bhagwat22garibe@gmail.com" and password "Bhag@123" # stepDefinitions.LoginSteps.the_user_enters_a_valid_email_and_password(java.lang.String,java.lang.String)
  And clicks on the Login button                                                         # stepDefinitions.LoginSteps.clicks_on_the_login_button()
  Then the user should see a page title as "My Account"                                  # stepDefinitions.LoginSteps.the_user_should_see_a_page_title_as(java.lang.String)
]]></system-out>
    <system-err><![CDATA[Oct 15, 2024 4:54:56 PM org.openqa.selenium.devtools.CdpVersionFinder findNearestMatch
WARNING: Unable to find CDP implementation matching 129
Oct 15, 2024 4:54:56 PM org.openqa.selenium.chromium.ChromiumDriver lambda$new$5
WARNING: Unable to find version of CDP to use for 129.0.6668.90. You may need to include a dependency on a specific version of the CDP using something similar to `org.seleniumhq.selenium:selenium-devtools-v86:4.20.0` where the version ("v86") matches the version of the chromium-based browser you're using and the version number of the artifact is the same as Selenium's.
]]></system-err>
  </testcase>
  <testcase name="Unsuccessful login with invalid credentials" classname="User Login" time="6.095">
    <system-out><![CDATA[
@Regression
Scenario: Unsuccessful login with invalid credentials                                               # Features/Login.feature:18
  Given the user is on the OpenCart home page                                                       # stepDefinitions.LoginSteps.the_user_is_on_the_open_cart_home_page()
  Given the user navigates to the login page                                                        # stepDefinitions.LoginSteps.the_user_navigates_to_the_login_page()
  When the user enters an invalid email "varsha@gmail.com" and password "varsha123"                 # stepDefinitions.LoginSteps.the_user_enters_an_invalid_email_and_password(java.lang.String,java.lang.String)
  And clicks on the Login button                                                                    # stepDefinitions.LoginSteps.clicks_on_the_login_button()
  Then the user should see an error message "Warning: No match for E-Mail Address and/or Password." # stepDefinitions.LoginSteps.the_user_should_see_an_error_message(java.lang.String)
]]></system-out>
    <system-err><![CDATA[Oct 15, 2024 4:55:05 PM org.openqa.selenium.devtools.CdpVersionFinder findNearestMatch
WARNING: Unable to find CDP implementation matching 129
Oct 15, 2024 4:55:05 PM org.openqa.selenium.chromium.ChromiumDriver lambda$new$5
WARNING: Unable to find version of CDP to use for 129.0.6668.90. You may need to include a dependency on a specific version of the CDP using something similar to `org.seleniumhq.selenium:selenium-devtools-v86:4.20.0` where the version ("v86") matches the version of the chromium-based browser you're using and the version number of the artifact is the same as Selenium's.
]]></system-err>
  </testcase>
  <testcase name="Unsuccessful login with empty fields" classname="User Login" time="6.088">
    <failure message="Error message not found!" type="java.lang.AssertionError"><![CDATA[java.lang.AssertionError: Error message not found!
	at org.junit.Assert.fail(Assert.java:89)
	at org.junit.Assert.assertTrue(Assert.java:42)
	at stepDefinitions.LoginSteps.theUserShouldSeeAWarningMessage(LoginSteps.java:94)
	at ✽.the user should see a warning message "Warning: No match for E-Mail Address and/or Password."(file:///D:/Automation_Projects/Opencart_WebApp_BDD/./Features/Login.feature:29)
]]></failure>
    <system-out><![CDATA[
@Regression
Scenario: Unsuccessful login with empty fields                                                       # Features/Login.feature:25
  Given the user is on the OpenCart home page                                                        # stepDefinitions.LoginSteps.the_user_is_on_the_open_cart_home_page()
  Given the user navigates to the login page                                                         # stepDefinitions.LoginSteps.the_user_navigates_to_the_login_page()
  When the user leaves the email and password fields empty                                           # stepDefinitions.LoginSteps.theUserLeavesFieldsEmpty()
  And clicks on the Login button                                                                     # stepDefinitions.LoginSteps.clicks_on_the_login_button()
  Then the user should see a warning message "Warning: No match for E-Mail Address and/or Password." # stepDefinitions.LoginSteps.theUserShouldSeeAWarningMessage(java.lang.String)
      java.lang.AssertionError: Error message not found!
	at org.junit.Assert.fail(Assert.java:89)
	at org.junit.Assert.assertTrue(Assert.java:42)
	at stepDefinitions.LoginSteps.theUserShouldSeeAWarningMessage(LoginSteps.java:94)
	at ✽.the user should see a warning message "Warning: No match for E-Mail Address and/or Password."(file:///D:/Automation_Projects/Opencart_WebApp_BDD/./Features/Login.feature:29)


    Embedding Unsuccessful login with empty fields [image/png 111639 bytes]

]]></system-out>
    <system-err><![CDATA[Oct 15, 2024 4:55:10 PM org.openqa.selenium.devtools.CdpVersionFinder findNearestMatch
WARNING: Unable to find CDP implementation matching 129
Oct 15, 2024 4:55:10 PM org.openqa.selenium.chromium.ChromiumDriver lambda$new$5
WARNING: Unable to find version of CDP to use for 129.0.6668.90. You may need to include a dependency on a specific version of the CDP using something similar to `org.seleniumhq.selenium:selenium-devtools-v86:4.20.0` where the version ("v86") matches the version of the chromium-based browser you're using and the version number of the artifact is the same as Selenium's.
]]></system-err>
  </testcase>
  <testcase name="Forgotten password flow" classname="User Login" time="7.177">
    <system-out><![CDATA[
@Regression
Scenario: Forgotten password flow                                                                         # Features/Login.feature:32
  Given the user is on the OpenCart home page                                                             # stepDefinitions.LoginSteps.the_user_is_on_the_open_cart_home_page()
  Given the user navigates to the login page                                                              # stepDefinitions.LoginSteps.the_user_navigates_to_the_login_page()
  When the user clicks on the "Forgotten Password" link                                                   # stepDefinitions.LoginSteps.the_user_clicks_on_the_link(java.lang.String)
  Then the user should see page title "Forgot Your Password?"                                             # stepDefinitions.LoginSteps.the_user_should_see_page_title(java.lang.String)
  And the user enters their registered email "bhagwat22garibe@gmail.com"                                  # stepDefinitions.LoginSteps.the_user_enters_their_registered_email(java.lang.String)
  And clicks on the Continue button                                                                       # stepDefinitions.LoginSteps.clicks_on_the_continue_button()
  Then the user should see a confirmation message "Success: Your password has been successfully updated." # stepDefinitions.LoginSteps.the_user_should_see_a_confirmation_message(java.lang.String)
]]></system-out>
    <system-err><![CDATA[Oct 15, 2024 4:55:17 PM org.openqa.selenium.devtools.CdpVersionFinder findNearestMatch
WARNING: Unable to find CDP implementation matching 129
Oct 15, 2024 4:55:17 PM org.openqa.selenium.chromium.ChromiumDriver lambda$new$5
WARNING: Unable to find version of CDP to use for 129.0.6668.90. You may need to include a dependency on a specific version of the CDP using something similar to `org.seleniumhq.selenium:selenium-devtools-v86:4.20.0` where the version ("v86") matches the version of the chromium-based browser you're using and the version number of the artifact is the same as Selenium's.
]]></system-err>
  </testcase>
  <testcase name="Login Data Driven Excel #1" classname="Login Data Driven with Excel" time="7.971">
    <system-out><![CDATA[
@Regression
Scenario Outline: Login Data Driven Excel                                                                   # Features/LoginDDTExcel.feature:10
  Given the user navigates to the login page                                                                # stepDefinitions.LoginSteps.the_user_navigates_to_the_login_page()
target page: true
  Then the user should be redirected to the MyAccount Page by passing email and password with excel row "1" # stepDefinitions.LoginSteps.check_user_navigates_to_my_account_page_by_passing_email_and_password_with_excel_data(java.lang.String)
]]></system-out>
    <system-err><![CDATA[Oct 15, 2024 4:55:24 PM org.openqa.selenium.devtools.CdpVersionFinder findNearestMatch
WARNING: Unable to find CDP implementation matching 129
Oct 15, 2024 4:55:24 PM org.openqa.selenium.chromium.ChromiumDriver lambda$new$5
WARNING: Unable to find version of CDP to use for 129.0.6668.90. You may need to include a dependency on a specific version of the CDP using something similar to `org.seleniumhq.selenium:selenium-devtools-v86:4.20.0` where the version ("v86") matches the version of the chromium-based browser you're using and the version number of the artifact is the same as Selenium's.
]]></system-err>
  </testcase>
  <testcase name="Login Data Driven Excel #2" classname="Login Data Driven with Excel" time="17.323">
    <system-out><![CDATA[
@Regression
Scenario Outline: Login Data Driven Excel                                                                   # Features/LoginDDTExcel.feature:11
  Given the user navigates to the login page                                                                # stepDefinitions.LoginSteps.the_user_navigates_to_the_login_page()
target page: false
  Then the user should be redirected to the MyAccount Page by passing email and password with excel row "2" # stepDefinitions.LoginSteps.check_user_navigates_to_my_account_page_by_passing_email_and_password_with_excel_data(java.lang.String)
]]></system-out>
    <system-err><![CDATA[Oct 15, 2024 4:55:32 PM org.openqa.selenium.devtools.CdpVersionFinder findNearestMatch
WARNING: Unable to find CDP implementation matching 129
Oct 15, 2024 4:55:32 PM org.openqa.selenium.chromium.ChromiumDriver lambda$new$5
WARNING: Unable to find version of CDP to use for 129.0.6668.90. You may need to include a dependency on a specific version of the CDP using something similar to `org.seleniumhq.selenium:selenium-devtools-v86:4.20.0` where the version ("v86") matches the version of the chromium-based browser you're using and the version number of the artifact is the same as Selenium's.
]]></system-err>
  </testcase>
  <testcase name="Login Data Driven Excel #3" classname="Login Data Driven with Excel" time="15.52">
    <system-out><![CDATA[
@Regression
Scenario Outline: Login Data Driven Excel                                                                   # Features/LoginDDTExcel.feature:12
  Given the user navigates to the login page                                                                # stepDefinitions.LoginSteps.the_user_navigates_to_the_login_page()
target page: false
  Then the user should be redirected to the MyAccount Page by passing email and password with excel row "3" # stepDefinitions.LoginSteps.check_user_navigates_to_my_account_page_by_passing_email_and_password_with_excel_data(java.lang.String)
]]></system-out>
    <system-err><![CDATA[Oct 15, 2024 4:55:49 PM org.openqa.selenium.devtools.CdpVersionFinder findNearestMatch
WARNING: Unable to find CDP implementation matching 129
Oct 15, 2024 4:55:49 PM org.openqa.selenium.chromium.ChromiumDriver lambda$new$5
WARNING: Unable to find version of CDP to use for 129.0.6668.90. You may need to include a dependency on a specific version of the CDP using something similar to `org.seleniumhq.selenium:selenium-devtools-v86:4.20.0` where the version ("v86") matches the version of the chromium-based browser you're using and the version number of the artifact is the same as Selenium's.
]]></system-err>
  </testcase>
  <testcase name="Login Data Driven Excel #4" classname="Login Data Driven with Excel" time="15.538">
    <system-out><![CDATA[
@Regression
Scenario Outline: Login Data Driven Excel                                                                   # Features/LoginDDTExcel.feature:13
  Given the user navigates to the login page                                                                # stepDefinitions.LoginSteps.the_user_navigates_to_the_login_page()
target page: false
  Then the user should be redirected to the MyAccount Page by passing email and password with excel row "4" # stepDefinitions.LoginSteps.check_user_navigates_to_my_account_page_by_passing_email_and_password_with_excel_data(java.lang.String)
]]></system-out>
    <system-err><![CDATA[Oct 15, 2024 4:56:05 PM org.openqa.selenium.devtools.CdpVersionFinder findNearestMatch
WARNING: Unable to find CDP implementation matching 129
Oct 15, 2024 4:56:05 PM org.openqa.selenium.chromium.ChromiumDriver lambda$new$5
WARNING: Unable to find version of CDP to use for 129.0.6668.90. You may need to include a dependency on a specific version of the CDP using something similar to `org.seleniumhq.selenium:selenium-devtools-v86:4.20.0` where the version ("v86") matches the version of the chromium-based browser you're using and the version number of the artifact is the same as Selenium's.
]]></system-err>
  </testcase>
  <testcase name="Login Data Driven Excel #5" classname="Login Data Driven with Excel" time="15.685">
    <system-out><![CDATA[
@Regression
Scenario Outline: Login Data Driven Excel                                                                   # Features/LoginDDTExcel.feature:14
  Given the user navigates to the login page                                                                # stepDefinitions.LoginSteps.the_user_navigates_to_the_login_page()
target page: false
  Then the user should be redirected to the MyAccount Page by passing email and password with excel row "5" # stepDefinitions.LoginSteps.check_user_navigates_to_my_account_page_by_passing_email_and_password_with_excel_data(java.lang.String)
]]></system-out>
    <system-err><![CDATA[Oct 15, 2024 4:56:20 PM org.openqa.selenium.devtools.CdpVersionFinder findNearestMatch
WARNING: Unable to find CDP implementation matching 129
Oct 15, 2024 4:56:20 PM org.openqa.selenium.chromium.ChromiumDriver lambda$new$5
WARNING: Unable to find version of CDP to use for 129.0.6668.90. You may need to include a dependency on a specific version of the CDP using something similar to `org.seleniumhq.selenium:selenium-devtools-v86:4.20.0` where the version ("v86") matches the version of the chromium-based browser you're using and the version number of the artifact is the same as Selenium's.
]]></system-err>
  </testcase>
  <testcase name="Successful Account Registration" classname="Account Registration" time="7.074">
    <system-out><![CDATA[
@Regression
Scenario: Successful Account Registration               # Features/Registration.feature:4
  Given the user navigates to Register Account page     # stepDefinitions.RegistrationSteps.the_user_navigates_to_register_account_page()
  When the user enters the details into below fields    # stepDefinitions.RegistrationSteps.the_user_enters_the_details_into_below_fields(io.cucumber.datatable.DataTable)
    | firstName | John       |
    | lastName  | Kenedy     |
    | telephone | 1234567890 |
    | password  | test@123   |
  And the user selects Privacy Policy                   # stepDefinitions.RegistrationSteps.the_user_selects_privacy_policy()
  And the user clicks on Continue button                # stepDefinitions.RegistrationSteps.the_user_clicks_on_continue_button()
  Then the user account should get created successfully # stepDefinitions.RegistrationSteps.the_user_account_should_get_created_successfully()
]]></system-out>
    <system-err><![CDATA[Oct 15, 2024 4:56:36 PM org.openqa.selenium.devtools.CdpVersionFinder findNearestMatch
WARNING: Unable to find CDP implementation matching 129
Oct 15, 2024 4:56:36 PM org.openqa.selenium.chromium.ChromiumDriver lambda$new$5
WARNING: Unable to find version of CDP to use for 129.0.6668.90. You may need to include a dependency on a specific version of the CDP using something similar to `org.seleniumhq.selenium:selenium-devtools-v86:4.20.0` where the version ("v86") matches the version of the chromium-based browser you're using and the version number of the artifact is the same as Selenium's.
]]></system-err>
  </testcase>
</testsuite>