-------------------------------------------------------------------------------
Test set: testRunner.TestRunner
-------------------------------------------------------------------------------
Tests run: 10, Failures: 1, Errors: 0, Skipped: 0, Time elapsed: 123.7 s <<< FAILURE! -- in testRunner.TestRunner
User Login.Unsuccessful login with empty fields -- Time elapsed: 6.088 s <<< FAILURE!
java.lang.AssertionError: Error message not found!
	at org.junit.Assert.fail(Assert.java:89)
	at org.junit.Assert.assertTrue(Assert.java:42)
	at stepDefinitions.LoginSteps.theUserShouldSeeAWarningMessage(LoginSteps.java:94)
	at âœ½.the user should see a warning message "Warning: No match for E-Mail Address and/or Password."(file:///D:/Automation_Projects/Opencart_WebApp_BDD/./Features/Login.feature:29)

